c:\users\ksrinivasan\documents\visual studio 2017\projects\volumetriclighting\source\volumetriclightingdirectx\obj\debug\x64\volumetriclightingdirectx.pch
c:\users\ksrinivasan\documents\visual studio 2017\projects\volumetriclighting\source\volumetriclightingdirectx\obj\debug\x64\vc141.pdb
c:\users\ksrinivasan\documents\visual studio 2017\projects\volumetriclighting\source\volumetriclightingdirectx\obj\debug\x64\vc141.idb
c:\users\ksrinivasan\documents\visual studio 2017\projects\volumetriclighting\source\volumetriclightingdirectx\obj\debug\x64\pch.obj
c:\users\ksrinivasan\documents\visual studio 2017\projects\volumetriclighting\source\volumetriclightingdirectx\obj\debug\x64\camera.obj
c:\users\ksrinivasan\documents\visual studio 2017\projects\volumetriclighting\source\volumetriclightingdirectx\obj\debug\x64\direct3d.obj
c:\users\ksrinivasan\documents\visual studio 2017\projects\volumetriclighting\source\volumetriclightingdirectx\obj\debug\x64\direct3dcore.obj
c:\users\ksrinivasan\documents\visual studio 2017\projects\volumetriclighting\source\volumetriclightingdirectx\obj\debug\x64\gameobject.obj
c:\users\ksrinivasan\documents\visual studio 2017\projects\volumetriclighting\source\volumetriclightingdirectx\obj\debug\x64\inputmanager.obj
c:\users\ksrinivasan\documents\visual studio 2017\projects\volumetriclighting\source\volumetriclightingdirectx\obj\debug\x64\material.obj
c:\users\ksrinivasan\documents\visual studio 2017\projects\volumetriclighting\source\volumetriclightingdirectx\obj\debug\x64\mesh.obj
c:\users\ksrinivasan\documents\visual studio 2017\projects\volumetriclighting\source\volumetriclightingdirectx\obj\debug\x64\model.obj
c:\users\ksrinivasan\documents\visual studio 2017\projects\volumetriclighting\source\volumetriclightingdirectx\obj\debug\x64\scene.obj
c:\users\ksrinivasan\documents\visual studio 2017\projects\volumetriclighting\source\volumetriclightingdirectx\obj\debug\x64\scenemanager.obj
c:\users\ksrinivasan\documents\visual studio 2017\projects\volumetriclighting\source\volumetriclightingdirectx\obj\debug\x64\shader.obj
c:\users\ksrinivasan\documents\visual studio 2017\projects\volumetriclighting\source\volumetriclightingdirectx\obj\debug\x64\texture.obj
c:\users\ksrinivasan\documents\visual studio 2017\projects\volumetriclighting\source\volumetriclightingdirectx\obj\debug\x64\utility.obj
c:\users\ksrinivasan\documents\visual studio 2017\projects\volumetriclighting\source\volumetriclightingdirectx\obj\debug\x64\volumetriclightingdirectx.obj
c:\users\ksrinivasan\documents\visual studio 2017\projects\volumetriclighting\source\volumetriclightingdirectx\bin\debug\x64\defaultpixelshader.cso
c:\users\ksrinivasan\documents\visual studio 2017\projects\volumetriclighting\source\volumetriclightingdirectx\bin\debug\x64\defaultvertexshader.cso
c:\users\ksrinivasan\documents\visual studio 2017\projects\volumetriclighting\source\volumetriclightingdirectx\bin\debug\x64\volumetriclightingdirectx.exe
c:\users\ksrinivasan\documents\visual studio 2017\projects\volumetriclighting\source\volumetriclightingdirectx\bin\debug\x64\volumetriclightingdirectx.ilk
c:\users\ksrinivasan\documents\visual studio 2017\projects\volumetriclighting\source\volumetriclightingdirectx\bin\debug\x64\volumetriclightingdirectx.pdb
c:\users\ksrinivasan\documents\visual studio 2017\projects\volumetriclighting\source\volumetriclightingdirectx\obj\debug\x64\volumetriclightingdirectx.res
c:\users\ksrinivasan\documents\visual studio 2017\projects\volumetriclighting\build\..\source\volumetriclightingdirectx\bin\debug\x64\volumetriclightingdirectx.pdb
c:\users\ksrinivasan\documents\visual studio 2017\projects\volumetriclighting\build\..\source\volumetriclightingdirectx\bin\debug\x64\volumetriclightingdirectx.exe
c:\users\ksrinivasan\documents\visual studio 2017\projects\volumetriclighting\build\..\source\volumetriclightingdirectx\bin\debug\x64\volumetriclightingdirectx.ilk
c:\users\ksrinivasan\documents\visual studio 2017\projects\volumetriclighting\source\volumetriclightingdirectx\obj\debug\x64\volumetr.f8cac141.tlog\cl.command.1.tlog
c:\users\ksrinivasan\documents\visual studio 2017\projects\volumetriclighting\source\volumetriclightingdirectx\obj\debug\x64\volumetr.f8cac141.tlog\cl.read.1.tlog
c:\users\ksrinivasan\documents\visual studio 2017\projects\volumetriclighting\source\volumetriclightingdirectx\obj\debug\x64\volumetr.f8cac141.tlog\cl.write.1.tlog
c:\users\ksrinivasan\documents\visual studio 2017\projects\volumetriclighting\source\volumetriclightingdirectx\obj\debug\x64\volumetr.f8cac141.tlog\fxc.command.1.tlog
c:\users\ksrinivasan\documents\visual studio 2017\projects\volumetriclighting\source\volumetriclightingdirectx\obj\debug\x64\volumetr.f8cac141.tlog\fxc.read.1.tlog
c:\users\ksrinivasan\documents\visual studio 2017\projects\volumetriclighting\source\volumetriclightingdirectx\obj\debug\x64\volumetr.f8cac141.tlog\fxc.write.1.tlog
c:\users\ksrinivasan\documents\visual studio 2017\projects\volumetriclighting\source\volumetriclightingdirectx\obj\debug\x64\volumetr.f8cac141.tlog\link.command.1.tlog
c:\users\ksrinivasan\documents\visual studio 2017\projects\volumetriclighting\source\volumetriclightingdirectx\obj\debug\x64\volumetr.f8cac141.tlog\link.read.1.tlog
c:\users\ksrinivasan\documents\visual studio 2017\projects\volumetriclighting\source\volumetriclightingdirectx\obj\debug\x64\volumetr.f8cac141.tlog\link.write.1.tlog
c:\users\ksrinivasan\documents\visual studio 2017\projects\volumetriclighting\source\volumetriclightingdirectx\obj\debug\x64\volumetr.f8cac141.tlog\rc.command.1.tlog
c:\users\ksrinivasan\documents\visual studio 2017\projects\volumetriclighting\source\volumetriclightingdirectx\obj\debug\x64\volumetr.f8cac141.tlog\rc.read.1.tlog
c:\users\ksrinivasan\documents\visual studio 2017\projects\volumetriclighting\source\volumetriclightingdirectx\obj\debug\x64\volumetr.f8cac141.tlog\rc.write.1.tlog
c:\users\ksrinivasan\documents\visual studio 2017\projects\volumetriclighting\source\volumetriclightingdirectx\obj\debug\x64\volumetr.f8cac141.tlog\volumetriclightingdirectx.write.1u.tlog
